2017-11-10 14:38:20 [scrapy] INFO: Scrapy 1.1.1 started (bot: scrapyspider)
2017-11-10 14:38:20 [scrapy] INFO: Overridden settings: {'NEWSPIDER_MODULE': 'scrapyspider.spiders', 'SPIDER_MODULES': ['scrapyspider.spiders'], 'BOT_NAME': 'scrapyspider', 'COOKIES_ENABLED': False, 'USER_AGENT': 'Mozilla/5.0 (compatible; MSIE 9.0; Windows NT 6.1; Trident/5.0;', 'LOG_FILE': 'douban.log'}
2017-11-10 14:38:20 [scrapy] INFO: Enabled extensions:
['scrapy.extensions.logstats.LogStats',
 'scrapy.extensions.telnet.TelnetConsole',
 'scrapy.extensions.corestats.CoreStats']
2017-11-10 14:38:20 [twisted] CRITICAL: Unhandled error in Deferred:
2017-11-10 14:38:20 [twisted] CRITICAL: 
Traceback (most recent call last):
  File "/usr/local/lib/python2.7/dist-packages/twisted/internet/defer.py", line 1128, in _inlineCallbacks
    result = g.send(result)
  File "/usr/local/lib/python2.7/dist-packages/scrapy/crawler.py", line 90, in crawl
    six.reraise(*exc_info)
  File "/usr/local/lib/python2.7/dist-packages/scrapy/crawler.py", line 72, in crawl
    self.engine = self._create_engine()
  File "/usr/local/lib/python2.7/dist-packages/scrapy/crawler.py", line 97, in _create_engine
    return ExecutionEngine(self, lambda _: self.stop())
  File "/usr/local/lib/python2.7/dist-packages/scrapy/core/engine.py", line 68, in __init__
    self.downloader = downloader_cls(crawler)
  File "/usr/local/lib/python2.7/dist-packages/scrapy/core/downloader/__init__.py", line 88, in __init__
    self.middleware = DownloaderMiddlewareManager.from_crawler(crawler)
  File "/usr/local/lib/python2.7/dist-packages/scrapy/middleware.py", line 58, in from_crawler
    return cls.from_settings(crawler.settings, crawler)
  File "/usr/local/lib/python2.7/dist-packages/scrapy/middleware.py", line 34, in from_settings
    mwcls = load_object(clspath)
  File "/usr/local/lib/python2.7/dist-packages/scrapy/utils/misc.py", line 44, in load_object
    mod = import_module(module)
  File "/usr/lib/python2.7/importlib/__init__.py", line 37, in import_module
    __import__(name)
ImportError: No module named douban.middlewares
