2017-11-10 14:39:24 [scrapy] INFO: Scrapy 1.1.1 started (bot: scrapyspider)
2017-11-10 14:39:24 [scrapy] INFO: Overridden settings: {'NEWSPIDER_MODULE': 'scrapyspider.spiders', 'SPIDER_MODULES': ['scrapyspider.spiders'], 'BOT_NAME': 'scrapyspider', 'COOKIES_ENABLED': False, 'USER_AGENT': 'Mozilla/5.0 (compatible; MSIE 9.0; Windows NT 6.1; Trident/5.0;', 'LOG_FILE': 'douban.log'}
2017-11-10 14:39:24 [scrapy] INFO: Enabled extensions:
['scrapy.extensions.logstats.LogStats',
 'scrapy.extensions.telnet.TelnetConsole',
 'scrapy.extensions.corestats.CoreStats']
2017-11-10 14:39:24 [twisted] CRITICAL: Unhandled error in Deferred:
2017-11-10 14:39:24 [twisted] CRITICAL: 
Traceback (most recent call last):
  File "/usr/local/lib/python2.7/dist-packages/twisted/internet/defer.py", line 1128, in _inlineCallbacks
    result = g.send(result)
  File "/usr/local/lib/python2.7/dist-packages/scrapy/crawler.py", line 90, in crawl
    six.reraise(*exc_info)
  File "/usr/local/lib/python2.7/dist-packages/scrapy/crawler.py", line 72, in crawl
    self.engine = self._create_engine()
  File "/usr/local/lib/python2.7/dist-packages/scrapy/crawler.py", line 97, in _create_engine
    return ExecutionEngine(self, lambda _: self.stop())
  File "/usr/local/lib/python2.7/dist-packages/scrapy/core/engine.py", line 68, in __init__
    self.downloader = downloader_cls(crawler)
  File "/usr/local/lib/python2.7/dist-packages/scrapy/core/downloader/__init__.py", line 88, in __init__
    self.middleware = DownloaderMiddlewareManager.from_crawler(crawler)
  File "/usr/local/lib/python2.7/dist-packages/scrapy/middleware.py", line 58, in from_crawler
    return cls.from_settings(crawler.settings, crawler)
  File "/usr/local/lib/python2.7/dist-packages/scrapy/middleware.py", line 34, in from_settings
    mwcls = load_object(clspath)
  File "/usr/local/lib/python2.7/dist-packages/scrapy/utils/misc.py", line 44, in load_object
    mod = import_module(module)
  File "/usr/lib/python2.7/importlib/__init__.py", line 37, in import_module
    __import__(name)
ImportError: No module named douban.middlewares
2017-11-10 14:40:00 [scrapy] INFO: Scrapy 1.1.1 started (bot: scrapyspider)
2017-11-10 14:40:00 [scrapy] INFO: Overridden settings: {'NEWSPIDER_MODULE': 'scrapyspider.spiders', 'SPIDER_MODULES': ['scrapyspider.spiders'], 'BOT_NAME': 'scrapyspider', 'COOKIES_ENABLED': False, 'USER_AGENT': 'Mozilla/5.0 (compatible; MSIE 9.0; Windows NT 6.1; Trident/5.0;', 'LOG_FILE': 'douban.log'}
2017-11-10 14:40:00 [scrapy] INFO: Enabled extensions:
['scrapy.extensions.logstats.LogStats',
 'scrapy.extensions.telnet.TelnetConsole',
 'scrapy.extensions.corestats.CoreStats']
2017-11-10 14:40:00 [scrapy] INFO: Enabled downloader middlewares:
['scrapyspider.middlewares.RandomUserAgent',
 'scrapyspider.middlewares.RandomProxy',
 'scrapy.downloadermiddlewares.httpauth.HttpAuthMiddleware',
 'scrapy.downloadermiddlewares.downloadtimeout.DownloadTimeoutMiddleware',
 'scrapy.downloadermiddlewares.useragent.UserAgentMiddleware',
 'scrapy.downloadermiddlewares.retry.RetryMiddleware',
 'scrapy.downloadermiddlewares.defaultheaders.DefaultHeadersMiddleware',
 'scrapy.downloadermiddlewares.redirect.MetaRefreshMiddleware',
 'scrapy.downloadermiddlewares.httpcompression.HttpCompressionMiddleware',
 'scrapy.downloadermiddlewares.redirect.RedirectMiddleware',
 'scrapy.downloadermiddlewares.chunked.ChunkedTransferMiddleware',
 'scrapy.downloadermiddlewares.stats.DownloaderStats']
2017-11-10 14:40:00 [scrapy] INFO: Enabled spider middlewares:
['scrapy.spidermiddlewares.httperror.HttpErrorMiddleware',
 'scrapy.spidermiddlewares.offsite.OffsiteMiddleware',
 'scrapy.spidermiddlewares.referer.RefererMiddleware',
 'scrapy.spidermiddlewares.urllength.UrlLengthMiddleware',
 'scrapy.spidermiddlewares.depth.DepthMiddleware']
2017-11-10 14:40:00 [scrapy] INFO: Enabled item pipelines:
['scrapyspider.pipelines.DoubanPipeline']
2017-11-10 14:40:00 [scrapy] INFO: Spider opened
2017-11-10 14:40:00 [scrapy] INFO: Crawled 0 pages (at 0 pages/min), scraped 0 items (at 0 items/min)
2017-11-10 14:40:00 [scrapy] DEBUG: Telnet console listening on 127.0.0.1:6023
2017-11-10 14:40:00 [scrapy] DEBUG: Crawled (200) <GET https://movie.douban.com/top250> (referer: None)
2017-11-10 14:40:00 [scrapy] DEBUG: Crawled (200) <GET https://movie.douban.com/top250?start=25&filter=> (referer: https://movie.douban.com/top250)
2017-11-10 14:40:01 [scrapy] DEBUG: Crawled (200) <GET https://movie.douban.com/top250?start=50&filter=> (referer: https://movie.douban.com/top250?start=25&filter=)
2017-11-10 14:40:01 [scrapy] DEBUG: Crawled (200) <GET https://movie.douban.com/top250?start=75&filter=> (referer: https://movie.douban.com/top250?start=50&filter=)
2017-11-10 14:40:01 [scrapy] DEBUG: Crawled (200) <GET https://movie.douban.com/top250?start=100&filter=> (referer: https://movie.douban.com/top250?start=75&filter=)
2017-11-10 14:40:02 [scrapy] DEBUG: Crawled (200) <GET https://movie.douban.com/top250?start=125&filter=> (referer: https://movie.douban.com/top250?start=100&filter=)
2017-11-10 14:40:02 [scrapy] DEBUG: Crawled (200) <GET https://movie.douban.com/top250?start=150&filter=> (referer: https://movie.douban.com/top250?start=125&filter=)
2017-11-10 14:40:02 [scrapy] DEBUG: Crawled (200) <GET https://movie.douban.com/top250?start=175&filter=> (referer: https://movie.douban.com/top250?start=150&filter=)
2017-11-10 14:40:03 [scrapy] DEBUG: Crawled (200) <GET https://movie.douban.com/top250?start=200&filter=> (referer: https://movie.douban.com/top250?start=175&filter=)
2017-11-10 14:40:03 [scrapy] DEBUG: Crawled (200) <GET https://movie.douban.com/top250?start=225&filter=> (referer: https://movie.douban.com/top250?start=200&filter=)
2017-11-10 14:40:03 [scrapy] INFO: Closing spider (finished)
2017-11-10 14:40:03 [scrapy] INFO: Dumping Scrapy stats:
{'downloader/request_bytes': 3688,
 'downloader/request_count': 10,
 'downloader/request_method_count/GET': 10,
 'downloader/response_bytes': 130405,
 'downloader/response_count': 10,
 'downloader/response_status_count/200': 10,
 'finish_reason': 'finished',
 'finish_time': datetime.datetime(2017, 11, 10, 6, 40, 3, 447924),
 'log_count/DEBUG': 11,
 'log_count/INFO': 7,
 'request_depth_max': 9,
 'response_received_count': 10,
 'scheduler/dequeued': 10,
 'scheduler/dequeued/memory': 10,
 'scheduler/enqueued': 10,
 'scheduler/enqueued/memory': 10,
 'start_time': datetime.datetime(2017, 11, 10, 6, 40, 0, 502751)}
2017-11-10 14:40:03 [scrapy] INFO: Spider closed (finished)
2017-11-10 14:41:43 [scrapy] INFO: Scrapy 1.1.1 started (bot: scrapyspider)
2017-11-10 14:41:43 [scrapy] INFO: Overridden settings: {'NEWSPIDER_MODULE': 'scrapyspider.spiders', 'SPIDER_MODULES': ['scrapyspider.spiders'], 'BOT_NAME': 'scrapyspider', 'COOKIES_ENABLED': False, 'USER_AGENT': 'Mozilla/5.0 (compatible; MSIE 9.0; Windows NT 6.1; Trident/5.0;', 'LOG_FILE': 'douban.log'}
2017-11-10 14:41:43 [scrapy] INFO: Enabled extensions:
['scrapy.extensions.logstats.LogStats',
 'scrapy.extensions.telnet.TelnetConsole',
 'scrapy.extensions.corestats.CoreStats']
2017-11-10 14:41:43 [scrapy] INFO: Enabled downloader middlewares:
['scrapyspider.middlewares.RandomUserAgent',
 'scrapyspider.middlewares.RandomProxy',
 'scrapy.downloadermiddlewares.httpauth.HttpAuthMiddleware',
 'scrapy.downloadermiddlewares.downloadtimeout.DownloadTimeoutMiddleware',
 'scrapy.downloadermiddlewares.useragent.UserAgentMiddleware',
 'scrapy.downloadermiddlewares.retry.RetryMiddleware',
 'scrapy.downloadermiddlewares.defaultheaders.DefaultHeadersMiddleware',
 'scrapy.downloadermiddlewares.redirect.MetaRefreshMiddleware',
 'scrapy.downloadermiddlewares.httpcompression.HttpCompressionMiddleware',
 'scrapy.downloadermiddlewares.redirect.RedirectMiddleware',
 'scrapy.downloadermiddlewares.chunked.ChunkedTransferMiddleware',
 'scrapy.downloadermiddlewares.stats.DownloaderStats']
2017-11-10 14:41:43 [scrapy] INFO: Enabled spider middlewares:
['scrapy.spidermiddlewares.httperror.HttpErrorMiddleware',
 'scrapy.spidermiddlewares.offsite.OffsiteMiddleware',
 'scrapy.spidermiddlewares.referer.RefererMiddleware',
 'scrapy.spidermiddlewares.urllength.UrlLengthMiddleware',
 'scrapy.spidermiddlewares.depth.DepthMiddleware']
2017-11-10 14:41:43 [scrapy] INFO: Enabled item pipelines:
['scrapyspider.pipelines.DoubanPipeline']
2017-11-10 14:41:43 [scrapy] INFO: Spider opened
2017-11-10 14:41:43 [scrapy] INFO: Crawled 0 pages (at 0 pages/min), scraped 0 items (at 0 items/min)
2017-11-10 14:41:43 [scrapy] DEBUG: Telnet console listening on 127.0.0.1:6023
2017-11-10 14:41:43 [scrapy] DEBUG: Crawled (200) <GET https://movie.douban.com/top250> (referer: None)
2017-11-10 14:41:43 [scrapy] DEBUG: Crawled (200) <GET https://movie.douban.com/top250?start=25&filter=> (referer: https://movie.douban.com/top250)
2017-11-10 14:41:43 [scrapy] DEBUG: Crawled (200) <GET https://movie.douban.com/top250?start=50&filter=> (referer: https://movie.douban.com/top250?start=25&filter=)
2017-11-10 14:41:44 [scrapy] DEBUG: Crawled (200) <GET https://movie.douban.com/top250?start=75&filter=> (referer: https://movie.douban.com/top250?start=50&filter=)
2017-11-10 14:41:44 [scrapy] DEBUG: Crawled (200) <GET https://movie.douban.com/top250?start=100&filter=> (referer: https://movie.douban.com/top250?start=75&filter=)
2017-11-10 14:41:44 [scrapy] DEBUG: Crawled (200) <GET https://movie.douban.com/top250?start=125&filter=> (referer: https://movie.douban.com/top250?start=100&filter=)
2017-11-10 14:41:44 [scrapy] DEBUG: Crawled (200) <GET https://movie.douban.com/top250?start=150&filter=> (referer: https://movie.douban.com/top250?start=125&filter=)
2017-11-10 14:41:44 [scrapy] DEBUG: Crawled (200) <GET https://movie.douban.com/top250?start=175&filter=> (referer: https://movie.douban.com/top250?start=150&filter=)
2017-11-10 14:41:45 [scrapy] DEBUG: Crawled (200) <GET https://movie.douban.com/top250?start=200&filter=> (referer: https://movie.douban.com/top250?start=175&filter=)
2017-11-10 14:41:45 [scrapy] DEBUG: Crawled (200) <GET https://movie.douban.com/top250?start=225&filter=> (referer: https://movie.douban.com/top250?start=200&filter=)
2017-11-10 14:41:45 [scrapy] INFO: Closing spider (finished)
2017-11-10 14:41:45 [scrapy] INFO: Dumping Scrapy stats:
{'downloader/request_bytes': 3688,
 'downloader/request_count': 10,
 'downloader/request_method_count/GET': 10,
 'downloader/response_bytes': 130419,
 'downloader/response_count': 10,
 'downloader/response_status_count/200': 10,
 'finish_reason': 'finished',
 'finish_time': datetime.datetime(2017, 11, 10, 6, 41, 45, 503923),
 'log_count/DEBUG': 11,
 'log_count/INFO': 7,
 'request_depth_max': 9,
 'response_received_count': 10,
 'scheduler/dequeued': 10,
 'scheduler/dequeued/memory': 10,
 'scheduler/enqueued': 10,
 'scheduler/enqueued/memory': 10,
 'start_time': datetime.datetime(2017, 11, 10, 6, 41, 43, 93334)}
2017-11-10 14:41:45 [scrapy] INFO: Spider closed (finished)
2017-11-10 14:52:13 [scrapy] INFO: Scrapy 1.1.1 started (bot: scrapyspider)
2017-11-10 14:52:13 [scrapy] INFO: Overridden settings: {'NEWSPIDER_MODULE': 'scrapyspider.spiders', 'SPIDER_MODULES': ['scrapyspider.spiders'], 'BOT_NAME': 'scrapyspider', 'COOKIES_ENABLED': False, 'USER_AGENT': 'Mozilla/5.0 (compatible; MSIE 9.0; Windows NT 6.1; Trident/5.0;', 'LOG_FILE': 'douban.log'}
2017-11-10 14:52:13 [scrapy] INFO: Enabled extensions:
['scrapy.extensions.logstats.LogStats',
 'scrapy.extensions.telnet.TelnetConsole',
 'scrapy.extensions.corestats.CoreStats']
2017-11-10 14:52:13 [twisted] CRITICAL: Unhandled error in Deferred:
2017-11-10 14:52:13 [twisted] CRITICAL: 
Traceback (most recent call last):
  File "/usr/local/lib/python2.7/dist-packages/twisted/internet/defer.py", line 1128, in _inlineCallbacks
    result = g.send(result)
  File "/usr/local/lib/python2.7/dist-packages/scrapy/crawler.py", line 90, in crawl
    six.reraise(*exc_info)
  File "/usr/local/lib/python2.7/dist-packages/scrapy/crawler.py", line 72, in crawl
    self.engine = self._create_engine()
  File "/usr/local/lib/python2.7/dist-packages/scrapy/crawler.py", line 97, in _create_engine
    return ExecutionEngine(self, lambda _: self.stop())
  File "/usr/local/lib/python2.7/dist-packages/scrapy/core/engine.py", line 68, in __init__
    self.downloader = downloader_cls(crawler)
  File "/usr/local/lib/python2.7/dist-packages/scrapy/core/downloader/__init__.py", line 88, in __init__
    self.middleware = DownloaderMiddlewareManager.from_crawler(crawler)
  File "/usr/local/lib/python2.7/dist-packages/scrapy/middleware.py", line 58, in from_crawler
    return cls.from_settings(crawler.settings, crawler)
  File "/usr/local/lib/python2.7/dist-packages/scrapy/middleware.py", line 34, in from_settings
    mwcls = load_object(clspath)
  File "/usr/local/lib/python2.7/dist-packages/scrapy/utils/misc.py", line 44, in load_object
    mod = import_module(module)
  File "/usr/lib/python2.7/importlib/__init__.py", line 37, in import_module
    __import__(name)
  File "/home/python/spiderTest/scrapyspider/scrapyspider/middlewares.py", line 16
SyntaxError: Non-ASCII character '\xe6' in file /home/python/spiderTest/scrapyspider/scrapyspider/middlewares.py on line 16, but no encoding declared; see http://python.org/dev/peps/pep-0263/ for details
2017-11-10 14:52:39 [scrapy] INFO: Scrapy 1.1.1 started (bot: scrapyspider)
2017-11-10 14:52:39 [scrapy] INFO: Overridden settings: {'NEWSPIDER_MODULE': 'scrapyspider.spiders', 'SPIDER_MODULES': ['scrapyspider.spiders'], 'BOT_NAME': 'scrapyspider', 'COOKIES_ENABLED': False, 'USER_AGENT': 'Mozilla/5.0 (compatible; MSIE 9.0; Windows NT 6.1; Trident/5.0;', 'LOG_FILE': 'douban.log'}
2017-11-10 14:52:39 [scrapy] INFO: Enabled extensions:
['scrapy.extensions.logstats.LogStats',
 'scrapy.extensions.telnet.TelnetConsole',
 'scrapy.extensions.corestats.CoreStats']
2017-11-10 14:52:39 [scrapy] INFO: Enabled downloader middlewares:
['scrapyspider.middlewares.RandomUserAgent',
 'scrapyspider.middlewares.RandomProxy',
 'scrapy.downloadermiddlewares.httpauth.HttpAuthMiddleware',
 'scrapy.downloadermiddlewares.downloadtimeout.DownloadTimeoutMiddleware',
 'scrapy.downloadermiddlewares.useragent.UserAgentMiddleware',
 'scrapy.downloadermiddlewares.retry.RetryMiddleware',
 'scrapy.downloadermiddlewares.defaultheaders.DefaultHeadersMiddleware',
 'scrapy.downloadermiddlewares.redirect.MetaRefreshMiddleware',
 'scrapy.downloadermiddlewares.httpcompression.HttpCompressionMiddleware',
 'scrapy.downloadermiddlewares.redirect.RedirectMiddleware',
 'scrapy.downloadermiddlewares.chunked.ChunkedTransferMiddleware',
 'scrapy.downloadermiddlewares.stats.DownloaderStats']
2017-11-10 14:52:39 [scrapy] INFO: Enabled spider middlewares:
['scrapy.spidermiddlewares.httperror.HttpErrorMiddleware',
 'scrapy.spidermiddlewares.offsite.OffsiteMiddleware',
 'scrapy.spidermiddlewares.referer.RefererMiddleware',
 'scrapy.spidermiddlewares.urllength.UrlLengthMiddleware',
 'scrapy.spidermiddlewares.depth.DepthMiddleware']
2017-11-10 14:52:39 [scrapy] INFO: Enabled item pipelines:
['scrapyspider.pipelines.DoubanPipeline']
2017-11-10 14:52:39 [scrapy] INFO: Spider opened
2017-11-10 14:52:39 [scrapy] INFO: Crawled 0 pages (at 0 pages/min), scraped 0 items (at 0 items/min)
2017-11-10 14:52:39 [scrapy] DEBUG: Telnet console listening on 127.0.0.1:6023
2017-11-10 14:52:39 [scrapy] ERROR: Error downloading <GET https://movie.douban.com/top250>
Traceback (most recent call last):
  File "/usr/local/lib/python2.7/dist-packages/twisted/internet/defer.py", line 1128, in _inlineCallbacks
    result = g.send(result)
  File "/usr/local/lib/python2.7/dist-packages/scrapy/core/downloader/middleware.py", line 37, in process_request
    response = yield method(request=request, spider=spider)
  File "/home/python/spiderTest/scrapyspider/scrapyspider/middlewares.py", line 21, in process_request
    base64_userpasswd = base64_b64encode(proxy['user_passwd'])
NameError: global name 'base64_b64encode' is not defined
2017-11-10 14:52:40 [scrapy] INFO: Closing spider (finished)
2017-11-10 14:52:40 [scrapy] INFO: Dumping Scrapy stats:
{'downloader/exception_count': 1,
 'downloader/exception_type_count/exceptions.NameError': 1,
 'finish_reason': 'finished',
 'finish_time': datetime.datetime(2017, 11, 10, 6, 52, 40, 35892),
 'log_count/DEBUG': 1,
 'log_count/ERROR': 1,
 'log_count/INFO': 7,
 'scheduler/dequeued': 1,
 'scheduler/dequeued/memory': 1,
 'scheduler/enqueued': 1,
 'scheduler/enqueued/memory': 1,
 'start_time': datetime.datetime(2017, 11, 10, 6, 52, 39, 821971)}
2017-11-10 14:52:40 [scrapy] INFO: Spider closed (finished)
2017-11-10 14:54:26 [scrapy] INFO: Scrapy 1.1.1 started (bot: scrapyspider)
2017-11-10 14:54:26 [scrapy] INFO: Overridden settings: {'NEWSPIDER_MODULE': 'scrapyspider.spiders', 'SPIDER_MODULES': ['scrapyspider.spiders'], 'BOT_NAME': 'scrapyspider', 'COOKIES_ENABLED': False, 'USER_AGENT': 'Mozilla/5.0 (compatible; MSIE 9.0; Windows NT 6.1; Trident/5.0;', 'LOG_FILE': 'douban.log'}
2017-11-10 14:54:26 [scrapy] INFO: Enabled extensions:
['scrapy.extensions.logstats.LogStats',
 'scrapy.extensions.telnet.TelnetConsole',
 'scrapy.extensions.corestats.CoreStats']
2017-11-10 14:54:26 [scrapy] INFO: Enabled downloader middlewares:
['scrapyspider.middlewares.RandomUserAgent',
 'scrapyspider.middlewares.RandomProxy',
 'scrapy.downloadermiddlewares.httpauth.HttpAuthMiddleware',
 'scrapy.downloadermiddlewares.downloadtimeout.DownloadTimeoutMiddleware',
 'scrapy.downloadermiddlewares.useragent.UserAgentMiddleware',
 'scrapy.downloadermiddlewares.retry.RetryMiddleware',
 'scrapy.downloadermiddlewares.defaultheaders.DefaultHeadersMiddleware',
 'scrapy.downloadermiddlewares.redirect.MetaRefreshMiddleware',
 'scrapy.downloadermiddlewares.httpcompression.HttpCompressionMiddleware',
 'scrapy.downloadermiddlewares.redirect.RedirectMiddleware',
 'scrapy.downloadermiddlewares.chunked.ChunkedTransferMiddleware',
 'scrapy.downloadermiddlewares.stats.DownloaderStats']
2017-11-10 14:54:26 [scrapy] INFO: Enabled spider middlewares:
['scrapy.spidermiddlewares.httperror.HttpErrorMiddleware',
 'scrapy.spidermiddlewares.offsite.OffsiteMiddleware',
 'scrapy.spidermiddlewares.referer.RefererMiddleware',
 'scrapy.spidermiddlewares.urllength.UrlLengthMiddleware',
 'scrapy.spidermiddlewares.depth.DepthMiddleware']
2017-11-10 14:54:26 [scrapy] INFO: Enabled item pipelines:
['scrapyspider.pipelines.DoubanPipeline']
2017-11-10 14:54:26 [scrapy] INFO: Spider opened
2017-11-10 14:54:26 [scrapy] INFO: Crawled 0 pages (at 0 pages/min), scraped 0 items (at 0 items/min)
2017-11-10 14:54:26 [scrapy] DEBUG: Telnet console listening on 127.0.0.1:6023
2017-11-10 14:54:26 [scrapy] ERROR: Error downloading <GET https://movie.douban.com/top250>
Traceback (most recent call last):
  File "/usr/local/lib/python2.7/dist-packages/twisted/internet/defer.py", line 1128, in _inlineCallbacks
    result = g.send(result)
  File "/usr/local/lib/python2.7/dist-packages/scrapy/core/downloader/middleware.py", line 37, in process_request
    response = yield method(request=request, spider=spider)
  File "/home/python/spiderTest/scrapyspider/scrapyspider/middlewares.py", line 22, in process_request
    base64_userpasswd = base64_b64encode(proxy['user_passwd'])
NameError: global name 'base64_b64encode' is not defined
2017-11-10 14:54:26 [scrapy] INFO: Closing spider (finished)
2017-11-10 14:54:26 [scrapy] INFO: Dumping Scrapy stats:
{'downloader/exception_count': 1,
 'downloader/exception_type_count/exceptions.NameError': 1,
 'finish_reason': 'finished',
 'finish_time': datetime.datetime(2017, 11, 10, 6, 54, 26, 596523),
 'log_count/DEBUG': 1,
 'log_count/ERROR': 1,
 'log_count/INFO': 7,
 'scheduler/dequeued': 1,
 'scheduler/dequeued/memory': 1,
 'scheduler/enqueued': 1,
 'scheduler/enqueued/memory': 1,
 'start_time': datetime.datetime(2017, 11, 10, 6, 54, 26, 388114)}
2017-11-10 14:54:26 [scrapy] INFO: Spider closed (finished)
2017-11-10 14:55:50 [scrapy] INFO: Scrapy 1.1.1 started (bot: scrapyspider)
2017-11-10 14:55:50 [scrapy] INFO: Overridden settings: {'NEWSPIDER_MODULE': 'scrapyspider.spiders', 'SPIDER_MODULES': ['scrapyspider.spiders'], 'BOT_NAME': 'scrapyspider', 'COOKIES_ENABLED': False, 'USER_AGENT': 'Mozilla/5.0 (compatible; MSIE 9.0; Windows NT 6.1; Trident/5.0;', 'LOG_FILE': 'douban.log'}
2017-11-10 14:55:50 [scrapy] INFO: Enabled extensions:
['scrapy.extensions.logstats.LogStats',
 'scrapy.extensions.telnet.TelnetConsole',
 'scrapy.extensions.corestats.CoreStats']
2017-11-10 14:55:50 [scrapy] INFO: Enabled downloader middlewares:
['scrapyspider.middlewares.RandomUserAgent',
 'scrapyspider.middlewares.RandomProxy',
 'scrapy.downloadermiddlewares.httpauth.HttpAuthMiddleware',
 'scrapy.downloadermiddlewares.downloadtimeout.DownloadTimeoutMiddleware',
 'scrapy.downloadermiddlewares.useragent.UserAgentMiddleware',
 'scrapy.downloadermiddlewares.retry.RetryMiddleware',
 'scrapy.downloadermiddlewares.defaultheaders.DefaultHeadersMiddleware',
 'scrapy.downloadermiddlewares.redirect.MetaRefreshMiddleware',
 'scrapy.downloadermiddlewares.httpcompression.HttpCompressionMiddleware',
 'scrapy.downloadermiddlewares.redirect.RedirectMiddleware',
 'scrapy.downloadermiddlewares.chunked.ChunkedTransferMiddleware',
 'scrapy.downloadermiddlewares.stats.DownloaderStats']
2017-11-10 14:55:50 [scrapy] INFO: Enabled spider middlewares:
['scrapy.spidermiddlewares.httperror.HttpErrorMiddleware',
 'scrapy.spidermiddlewares.offsite.OffsiteMiddleware',
 'scrapy.spidermiddlewares.referer.RefererMiddleware',
 'scrapy.spidermiddlewares.urllength.UrlLengthMiddleware',
 'scrapy.spidermiddlewares.depth.DepthMiddleware']
2017-11-10 14:55:50 [scrapy] INFO: Enabled item pipelines:
['scrapyspider.pipelines.DoubanPipeline']
2017-11-10 14:55:50 [scrapy] INFO: Spider opened
2017-11-10 14:55:50 [scrapy] INFO: Crawled 0 pages (at 0 pages/min), scraped 0 items (at 0 items/min)
2017-11-10 14:55:50 [scrapy] DEBUG: Telnet console listening on 127.0.0.1:6023
2017-11-10 14:55:51 [scrapy] DEBUG: Crawled (200) <GET https://movie.douban.com/top250> (referer: None)
2017-11-10 14:55:51 [scrapy] DEBUG: Crawled (200) <GET https://movie.douban.com/top250?start=25&filter=> (referer: https://movie.douban.com/top250)
2017-11-10 14:55:51 [scrapy] DEBUG: Crawled (200) <GET https://movie.douban.com/top250?start=50&filter=> (referer: https://movie.douban.com/top250?start=25&filter=)
2017-11-10 14:55:51 [scrapy] DEBUG: Crawled (200) <GET https://movie.douban.com/top250?start=75&filter=> (referer: https://movie.douban.com/top250?start=50&filter=)
2017-11-10 14:55:52 [scrapy] DEBUG: Crawled (200) <GET https://movie.douban.com/top250?start=100&filter=> (referer: https://movie.douban.com/top250?start=75&filter=)
2017-11-10 14:55:52 [scrapy] DEBUG: Crawled (200) <GET https://movie.douban.com/top250?start=125&filter=> (referer: https://movie.douban.com/top250?start=100&filter=)
2017-11-10 14:55:52 [scrapy] DEBUG: Crawled (200) <GET https://movie.douban.com/top250?start=150&filter=> (referer: https://movie.douban.com/top250?start=125&filter=)
2017-11-10 14:55:52 [scrapy] DEBUG: Crawled (200) <GET https://movie.douban.com/top250?start=175&filter=> (referer: https://movie.douban.com/top250?start=150&filter=)
2017-11-10 14:55:53 [scrapy] DEBUG: Crawled (200) <GET https://movie.douban.com/top250?start=200&filter=> (referer: https://movie.douban.com/top250?start=175&filter=)
2017-11-10 14:55:53 [scrapy] DEBUG: Crawled (200) <GET https://movie.douban.com/top250?start=225&filter=> (referer: https://movie.douban.com/top250?start=200&filter=)
2017-11-10 14:55:53 [scrapy] INFO: Closing spider (finished)
2017-11-10 14:55:53 [scrapy] INFO: Dumping Scrapy stats:
{'downloader/request_bytes': 3688,
 'downloader/request_count': 10,
 'downloader/request_method_count/GET': 10,
 'downloader/response_bytes': 129690,
 'downloader/response_count': 10,
 'downloader/response_status_count/200': 10,
 'finish_reason': 'finished',
 'finish_time': datetime.datetime(2017, 11, 10, 6, 55, 53, 468233),
 'log_count/DEBUG': 11,
 'log_count/INFO': 7,
 'request_depth_max': 9,
 'response_received_count': 10,
 'scheduler/dequeued': 10,
 'scheduler/dequeued/memory': 10,
 'scheduler/enqueued': 10,
 'scheduler/enqueued/memory': 10,
 'start_time': datetime.datetime(2017, 11, 10, 6, 55, 50, 998834)}
2017-11-10 14:55:53 [scrapy] INFO: Spider closed (finished)
